<?xml version="1.0" encoding="UTF-8"?>
<testng-results ignored="0" total="5" passed="4" failed="1" skipped="0">
  <reporter-output>
  </reporter-output>
  <suite started-at="2022-10-27T17:50:38 EDT" name="All Test Suite" finished-at="2022-10-27T17:50:55 EDT" duration-ms="16916">
    <groups>
    </groups>
    <test started-at="2022-10-27T17:50:38 EDT" name="C:/Users/marjan.karafiloski/Java/Zavodliva" finished-at="2022-10-27T17:50:55 EDT" duration-ms="16916">
      <class name="frontend.tests.FrontEndTests">
        <test-method is-config="true" signature="setup()[pri:0, instance:frontend.tests.FrontEndTests@35aea049]" started-at="2022-10-27T17:50:38 EDT" name="setup" finished-at="2022-10-27T17:50:41 EDT" duration-ms="2346" status="PASS">
          <reporter-output>
          </reporter-output>
        </test-method> <!-- setup -->
        <test-method signature="assertHomePageHeaderTitle()[pri:0, instance:frontend.tests.FrontEndTests@35aea049]" started-at="2022-10-27T17:50:41 EDT" name="assertHomePageHeaderTitle" finished-at="2022-10-27T17:50:42 EDT" duration-ms="902" status="PASS">
          <reporter-output>
          </reporter-output>
        </test-method> <!-- assertHomePageHeaderTitle -->
        <test-method is-config="true" signature="tearDown()[pri:0, instance:frontend.tests.FrontEndTests@35aea049]" started-at="2022-10-27T17:50:42 EDT" name="tearDown" finished-at="2022-10-27T17:50:42 EDT" duration-ms="124" status="PASS">
          <reporter-output>
          </reporter-output>
        </test-method> <!-- tearDown -->
        <test-method is-config="true" signature="setup()[pri:0, instance:frontend.tests.FrontEndTests@35aea049]" started-at="2022-10-27T17:50:42 EDT" name="setup" finished-at="2022-10-27T17:50:42 EDT" duration-ms="807" status="PASS">
          <reporter-output>
          </reporter-output>
        </test-method> <!-- setup -->
        <test-method signature="failLoginWithNewUser()[pri:0, instance:frontend.tests.FrontEndTests@35aea049]" started-at="2022-10-27T17:50:42 EDT" name="failLoginWithNewUser" finished-at="2022-10-27T17:50:46 EDT" duration-ms="3765" status="PASS">
          <reporter-output>
          </reporter-output>
        </test-method> <!-- failLoginWithNewUser -->
        <test-method is-config="true" signature="tearDown()[pri:0, instance:frontend.tests.FrontEndTests@35aea049]" started-at="2022-10-27T17:50:46 EDT" name="tearDown" finished-at="2022-10-27T17:50:46 EDT" duration-ms="147" status="PASS">
          <reporter-output>
          </reporter-output>
        </test-method> <!-- tearDown -->
        <test-method is-config="true" signature="setup()[pri:0, instance:frontend.tests.FrontEndTests@35aea049]" started-at="2022-10-27T17:50:46 EDT" name="setup" finished-at="2022-10-27T17:50:47 EDT" duration-ms="690" status="PASS">
          <reporter-output>
          </reporter-output>
        </test-method> <!-- setup -->
        <test-method signature="openHomePage()[pri:0, instance:frontend.tests.FrontEndTests@35aea049]" started-at="2022-10-27T17:50:47 EDT" name="openHomePage" finished-at="2022-10-27T17:50:48 EDT" duration-ms="1075" status="PASS">
          <reporter-output>
          </reporter-output>
        </test-method> <!-- openHomePage -->
        <test-method is-config="true" signature="tearDown()[pri:0, instance:frontend.tests.FrontEndTests@35aea049]" started-at="2022-10-27T17:50:48 EDT" name="tearDown" finished-at="2022-10-27T17:50:48 EDT" duration-ms="116" status="PASS">
          <reporter-output>
          </reporter-output>
        </test-method> <!-- tearDown -->
        <test-method is-config="true" signature="setup()[pri:0, instance:frontend.tests.FrontEndTests@35aea049]" started-at="2022-10-27T17:50:48 EDT" name="setup" finished-at="2022-10-27T17:50:49 EDT" duration-ms="796" status="PASS">
          <reporter-output>
          </reporter-output>
        </test-method> <!-- setup -->
        <test-method signature="registerNewAdmin()[pri:0, instance:frontend.tests.FrontEndTests@35aea049]" started-at="2022-10-27T17:50:49 EDT" name="registerNewAdmin" finished-at="2022-10-27T17:50:52 EDT" duration-ms="3306" status="FAIL">
          <exception class="java.lang.AssertionError">
            <message>
              <![CDATA[expected [https://zavodlivakvecherina.herokuapp.com/] but found [https://zavodlivakvecherina.herokuapp.com/registerNewAdminForKvecherina]]]>
            </message>
            <full-stacktrace>
              <![CDATA[java.lang.AssertionError: expected [https://zavodlivakvecherina.herokuapp.com/] but found [https://zavodlivakvecherina.herokuapp.com/registerNewAdminForKvecherina]
at org.testng.Assert.fail(Assert.java:99)
at org.testng.Assert.failNotEquals(Assert.java:1037)
at org.testng.Assert.assertEqualsImpl(Assert.java:140)
at org.testng.Assert.assertEquals(Assert.java:122)
at org.testng.Assert.assertEquals(Assert.java:629)
at org.testng.Assert.assertEquals(Assert.java:639)
at frontend.tests.FrontEndTests.registerNewAdmin(FrontEndTests.java:71)
at java.base/jdk.internal.reflect.NativeMethodAccessorImpl.invoke0(Native Method)
at java.base/jdk.internal.reflect.NativeMethodAccessorImpl.invoke(NativeMethodAccessorImpl.java:62)
at java.base/jdk.internal.reflect.DelegatingMethodAccessorImpl.invoke(DelegatingMethodAccessorImpl.java:43)
at java.base/java.lang.reflect.Method.invoke(Method.java:566)
at org.testng.internal.MethodInvocationHelper.invokeMethod(MethodInvocationHelper.java:133)
at org.testng.internal.TestInvoker.invokeMethod(TestInvoker.java:598)
at org.testng.internal.TestInvoker.invokeTestMethod(TestInvoker.java:173)
at org.testng.internal.MethodRunner.runInSequence(MethodRunner.java:46)
at org.testng.internal.TestInvoker$MethodInvocationAgent.invoke(TestInvoker.java:824)
at org.testng.internal.TestInvoker.invokeTestMethods(TestInvoker.java:146)
at org.testng.internal.TestMethodWorker.invokeTestMethods(TestMethodWorker.java:146)
at org.testng.internal.TestMethodWorker.run(TestMethodWorker.java:128)
at java.base/java.util.ArrayList.forEach(ArrayList.java:1541)
at org.testng.TestRunner.privateRun(TestRunner.java:794)
at org.testng.TestRunner.run(TestRunner.java:596)
at org.testng.SuiteRunner.runTest(SuiteRunner.java:377)
at org.testng.SuiteRunner.runSequentially(SuiteRunner.java:371)
at org.testng.SuiteRunner.privateRun(SuiteRunner.java:332)
at org.testng.SuiteRunner.run(SuiteRunner.java:276)
at org.testng.SuiteRunnerWorker.runSuite(SuiteRunnerWorker.java:53)
at org.testng.SuiteRunnerWorker.run(SuiteRunnerWorker.java:96)
at org.testng.TestNG.runSuitesSequentially(TestNG.java:1212)
at org.testng.TestNG.runSuitesLocally(TestNG.java:1134)
at org.testng.TestNG.runSuites(TestNG.java:1063)
at org.testng.TestNG.run(TestNG.java:1031)
at org.apache.maven.surefire.testng.TestNGExecutor.run(TestNGExecutor.java:324)
at org.apache.maven.surefire.testng.TestNGXmlTestSuite.execute(TestNGXmlTestSuite.java:74)
at org.apache.maven.surefire.testng.TestNGProvider.invoke(TestNGProvider.java:123)
at org.apache.maven.surefire.booter.ForkedBooter.runSuitesInProcess(ForkedBooter.java:456)
at org.apache.maven.surefire.booter.ForkedBooter.execute(ForkedBooter.java:169)
at org.apache.maven.surefire.booter.ForkedBooter.run(ForkedBooter.java:595)
at org.apache.maven.surefire.booter.ForkedBooter.main(ForkedBooter.java:581)
]]>
            </full-stacktrace>
          </exception> <!-- java.lang.AssertionError -->
          <reporter-output>
          </reporter-output>
        </test-method> <!-- registerNewAdmin -->
        <test-method is-config="true" signature="tearDown()[pri:0, instance:frontend.tests.FrontEndTests@35aea049]" started-at="2022-10-27T17:50:52 EDT" name="tearDown" finished-at="2022-10-27T17:50:52 EDT" duration-ms="116" status="PASS">
          <reporter-output>
          </reporter-output>
        </test-method> <!-- tearDown -->
        <test-method is-config="true" signature="setup()[pri:0, instance:frontend.tests.FrontEndTests@35aea049]" started-at="2022-10-27T17:50:52 EDT" name="setup" finished-at="2022-10-27T17:50:53 EDT" duration-ms="771" status="PASS">
          <reporter-output>
          </reporter-output>
        </test-method> <!-- setup -->
        <test-method signature="loginWithNewUser()[pri:1, instance:frontend.tests.FrontEndTests@35aea049]" started-at="2022-10-27T17:50:53 EDT" name="loginWithNewUser" finished-at="2022-10-27T17:50:55 EDT" duration-ms="1801" status="PASS">
          <reporter-output>
          </reporter-output>
        </test-method> <!-- loginWithNewUser -->
        <test-method is-config="true" signature="tearDown()[pri:0, instance:frontend.tests.FrontEndTests@35aea049]" started-at="2022-10-27T17:50:55 EDT" name="tearDown" finished-at="2022-10-27T17:50:55 EDT" duration-ms="121" status="PASS">
          <reporter-output>
          </reporter-output>
        </test-method> <!-- tearDown -->
      </class> <!-- frontend.tests.FrontEndTests -->
    </test> <!-- C:/Users/marjan.karafiloski/Java/Zavodliva -->
  </suite> <!-- All Test Suite -->
</testng-results>
