<?xml version="1.0" encoding="UTF-8"?>
<testng-results ignored="0" total="7" passed="7" failed="0" skipped="0">
  <reporter-output>
  </reporter-output>
  <suite started-at="2022-10-27T15:25:12 EDT" name="All Test Suite" finished-at="2022-10-27T15:25:33 EDT" duration-ms="20616">
    <groups>
    </groups>
    <test started-at="2022-10-27T15:25:12 EDT" name="C:/Users/marjan.karafiloski/Java/Zavodliva" finished-at="2022-10-27T15:25:33 EDT" duration-ms="20616">
      <class name="backend.RestAssuredTests">
        <test-method signature="assertHomePageLoads()[pri:0, instance:backend.RestAssuredTests@35aea049]" started-at="2022-10-27T15:25:12 EDT" name="assertHomePageLoads" finished-at="2022-10-27T15:25:14 EDT" duration-ms="1812" status="PASS">
          <reporter-output>
          </reporter-output>
        </test-method> <!-- assertHomePageLoads -->
        <test-method signature="registerTest()[pri:0, instance:backend.RestAssuredTests@35aea049]" started-at="2022-10-27T15:25:14 EDT" name="registerTest" finished-at="2022-10-27T15:25:14 EDT" duration-ms="380" status="PASS">
          <reporter-output>
          </reporter-output>
        </test-method> <!-- registerTest -->
      </class> <!-- backend.RestAssuredTests -->
      <class name="frontend.tests.FrontEndTests">
        <test-method is-config="true" signature="setup()[pri:0, instance:frontend.tests.FrontEndTests@58d75e99]" started-at="2022-10-27T15:25:14 EDT" name="setup" finished-at="2022-10-27T15:25:17 EDT" duration-ms="2483" status="PASS">
          <reporter-output>
          </reporter-output>
        </test-method> <!-- setup -->
        <test-method signature="assertHomePageHeaderTitle()[pri:0, instance:frontend.tests.FrontEndTests@58d75e99]" started-at="2022-10-27T15:25:17 EDT" name="assertHomePageHeaderTitle" finished-at="2022-10-27T15:25:18 EDT" duration-ms="1032" status="PASS">
          <reporter-output>
          </reporter-output>
        </test-method> <!-- assertHomePageHeaderTitle -->
        <test-method is-config="true" signature="tearDown()[pri:0, instance:frontend.tests.FrontEndTests@58d75e99]" started-at="2022-10-27T15:25:18 EDT" name="tearDown" finished-at="2022-10-27T15:25:18 EDT" duration-ms="172" status="PASS">
          <reporter-output>
          </reporter-output>
        </test-method> <!-- tearDown -->
        <test-method is-config="true" signature="setup()[pri:0, instance:frontend.tests.FrontEndTests@58d75e99]" started-at="2022-10-27T15:25:18 EDT" name="setup" finished-at="2022-10-27T15:25:19 EDT" duration-ms="829" status="PASS">
          <reporter-output>
          </reporter-output>
        </test-method> <!-- setup -->
        <test-method signature="failLoginWithNewUser()[pri:0, instance:frontend.tests.FrontEndTests@58d75e99]" started-at="2022-10-27T15:25:19 EDT" name="failLoginWithNewUser" finished-at="2022-10-27T15:25:23 EDT" duration-ms="3703" status="PASS">
          <reporter-output>
          </reporter-output>
        </test-method> <!-- failLoginWithNewUser -->
        <test-method is-config="true" signature="tearDown()[pri:0, instance:frontend.tests.FrontEndTests@58d75e99]" started-at="2022-10-27T15:25:23 EDT" name="tearDown" finished-at="2022-10-27T15:25:23 EDT" duration-ms="119" status="PASS">
          <reporter-output>
          </reporter-output>
        </test-method> <!-- tearDown -->
        <test-method is-config="true" signature="setup()[pri:0, instance:frontend.tests.FrontEndTests@58d75e99]" started-at="2022-10-27T15:25:23 EDT" name="setup" finished-at="2022-10-27T15:25:23 EDT" duration-ms="757" status="PASS">
          <reporter-output>
          </reporter-output>
        </test-method> <!-- setup -->
        <test-method signature="openHomePage()[pri:0, instance:frontend.tests.FrontEndTests@58d75e99]" started-at="2022-10-27T15:25:23 EDT" name="openHomePage" finished-at="2022-10-27T15:25:25 EDT" duration-ms="1614" status="PASS">
          <reporter-output>
          </reporter-output>
        </test-method> <!-- openHomePage -->
        <test-method is-config="true" signature="tearDown()[pri:0, instance:frontend.tests.FrontEndTests@58d75e99]" started-at="2022-10-27T15:25:25 EDT" name="tearDown" finished-at="2022-10-27T15:25:25 EDT" duration-ms="130" status="PASS">
          <reporter-output>
          </reporter-output>
        </test-method> <!-- tearDown -->
        <test-method is-config="true" signature="setup()[pri:0, instance:frontend.tests.FrontEndTests@58d75e99]" started-at="2022-10-27T15:25:25 EDT" name="setup" finished-at="2022-10-27T15:25:26 EDT" duration-ms="805" status="PASS">
          <reporter-output>
          </reporter-output>
        </test-method> <!-- setup -->
        <test-method signature="registerNewAdmin()[pri:0, instance:frontend.tests.FrontEndTests@58d75e99]" started-at="2022-10-27T15:25:26 EDT" name="registerNewAdmin" finished-at="2022-10-27T15:25:30 EDT" duration-ms="3900" status="PASS">
          <reporter-output>
          </reporter-output>
        </test-method> <!-- registerNewAdmin -->
        <test-method is-config="true" signature="tearDown()[pri:0, instance:frontend.tests.FrontEndTests@58d75e99]" started-at="2022-10-27T15:25:30 EDT" name="tearDown" finished-at="2022-10-27T15:25:30 EDT" duration-ms="150" status="PASS">
          <reporter-output>
          </reporter-output>
        </test-method> <!-- tearDown -->
        <test-method is-config="true" signature="setup()[pri:0, instance:frontend.tests.FrontEndTests@58d75e99]" started-at="2022-10-27T15:25:30 EDT" name="setup" finished-at="2022-10-27T15:25:31 EDT" duration-ms="916" status="PASS">
          <reporter-output>
          </reporter-output>
        </test-method> <!-- setup -->
        <test-method signature="loginWithNewUser()[pri:1, instance:frontend.tests.FrontEndTests@58d75e99]" started-at="2022-10-27T15:25:31 EDT" name="loginWithNewUser" finished-at="2022-10-27T15:25:33 EDT" duration-ms="1661" status="PASS">
          <reporter-output>
          </reporter-output>
        </test-method> <!-- loginWithNewUser -->
        <test-method is-config="true" signature="tearDown()[pri:0, instance:frontend.tests.FrontEndTests@58d75e99]" started-at="2022-10-27T15:25:33 EDT" name="tearDown" finished-at="2022-10-27T15:25:33 EDT" duration-ms="124" status="PASS">
          <reporter-output>
          </reporter-output>
        </test-method> <!-- tearDown -->
      </class> <!-- frontend.tests.FrontEndTests -->
    </test> <!-- C:/Users/marjan.karafiloski/Java/Zavodliva -->
  </suite> <!-- All Test Suite -->
</testng-results>
